[08-Sep-2017 19:31:28 UTC] PHP Parse error:  syntax error, unexpected ')', expecting ',' or ';' in /home/ubuntu/workspace/mkhalifa12/practice/background.php on line 16
[08-Sep-2017 19:32:05 UTC] PHP Parse error:  syntax error, unexpected ')', expecting ',' or ';' in /home/ubuntu/workspace/mkhalifa12/practice/background.php on line 16
[08-Sep-2017 19:32:06 UTC] PHP Parse error:  syntax error, unexpected ')', expecting ',' or ';' in /home/ubuntu/workspace/mkhalifa12/practice/background.php on line 16
[08-Sep-2017 19:32:47 UTC] PHP Parse error:  syntax error, unexpected ')', expecting ',' or ';' in /home/ubuntu/workspace/mkhalifa12/practice/background.php on line 16
[08-Sep-2017 19:32:47 UTC] PHP Parse error:  syntax error, unexpected ')', expecting ',' or ';' in /home/ubuntu/workspace/mkhalifa12/practice/background.php on line 16
[08-Sep-2017 19:35:39 UTC] PHP Parse error:  syntax error, unexpected '","' (T_CONSTANT_ENCAPSED_STRING), expecting ',' or ';' in /home/ubuntu/workspace/mkhalifa12/practice/background.php on line 16
[08-Sep-2017 19:35:40 UTC] PHP Parse error:  syntax error, unexpected '","' (T_CONSTANT_ENCAPSED_STRING), expecting ',' or ';' in /home/ubuntu/workspace/mkhalifa12/practice/background.php on line 16
[08-Sep-2017 20:29:49 UTC] PHP Parse error:  syntax error, unexpected '}' in /home/ubuntu/workspace/mkhalifa12/challenge/functions.php on line 55
[08-Sep-2017 20:31:27 UTC] PHP Fatal error:  Call to undefined function randomCard() in /home/ubuntu/workspace/mkhalifa12/challenge/random.php on line 15
[08-Sep-2017 20:31:27 UTC] PHP Stack trace:
[08-Sep-2017 20:31:27 UTC] PHP   1. {main}() /home/ubuntu/workspace/mkhalifa12/challenge/random.php:0
[08-Sep-2017 20:33:18 UTC] PHP Fatal error:  Call to undefined function randomCard() in /home/ubuntu/workspace/mkhalifa12/challenge/random.php on line 15
[08-Sep-2017 20:33:18 UTC] PHP Stack trace:
[08-Sep-2017 20:33:18 UTC] PHP   1. {main}() /home/ubuntu/workspace/mkhalifa12/challenge/random.php:0
[08-Sep-2017 20:33:19 UTC] PHP Fatal error:  Call to undefined function randomCard() in /home/ubuntu/workspace/mkhalifa12/challenge/random.php on line 15
[08-Sep-2017 20:33:19 UTC] PHP Stack trace:
[08-Sep-2017 20:33:19 UTC] PHP   1. {main}() /home/ubuntu/workspace/mkhalifa12/challenge/random.php:0
[08-Sep-2017 20:39:50 UTC] PHP Parse error:  syntax error, unexpected '>' in /home/ubuntu/workspace/mkhalifa12/challenge/functions.php on line 43
[08-Sep-2017 20:39:50 UTC] PHP Stack trace:
[08-Sep-2017 20:39:50 UTC] PHP   1. {main}() /home/ubuntu/workspace/mkhalifa12/challenge/random.php:0
[08-Sep-2017 20:46:18 UTC] PHP Parse error:  syntax error, unexpected '}', expecting ',' or ';' in /home/ubuntu/workspace/mkhalifa12/challenge/functions.php on line 60
[08-Sep-2017 20:46:18 UTC] PHP Stack trace:
[08-Sep-2017 20:46:18 UTC] PHP   1. {main}() /home/ubuntu/workspace/mkhalifa12/challenge/random.php:0
