[15-Sep-2017 15:27:25 UTC] PHP Parse error:  syntax error, unexpected 'echo' (T_ECHO), expecting ',' or ';' in /home/ubuntu/workspace/mkhalifa12/hw/homework2/index.php on line 22
[15-Sep-2017 15:38:29 UTC] PHP Warning:  array_rand() expects parameter 1 to be array, null given in /home/ubuntu/workspace/mkhalifa12/hw/homework2/index.php on line 29
[15-Sep-2017 15:38:29 UTC] PHP Stack trace:
[15-Sep-2017 15:38:29 UTC] PHP   1. {main}() /home/ubuntu/workspace/mkhalifa12/hw/homework2/index.php:0
[15-Sep-2017 15:38:29 UTC] PHP   2. array_rand() /home/ubuntu/workspace/mkhalifa12/hw/homework2/index.php:29
[15-Sep-2017 15:38:34 UTC] PHP Warning:  array_rand() expects parameter 1 to be array, null given in /home/ubuntu/workspace/mkhalifa12/hw/homework2/index.php on line 29
[15-Sep-2017 15:38:34 UTC] PHP Stack trace:
[15-Sep-2017 15:38:34 UTC] PHP   1. {main}() /home/ubuntu/workspace/mkhalifa12/hw/homework2/index.php:0
[15-Sep-2017 15:38:34 UTC] PHP   2. array_rand() /home/ubuntu/workspace/mkhalifa12/hw/homework2/index.php:29
[15-Sep-2017 15:38:35 UTC] PHP Warning:  array_rand() expects parameter 1 to be array, null given in /home/ubuntu/workspace/mkhalifa12/hw/homework2/index.php on line 29
[15-Sep-2017 15:38:35 UTC] PHP Stack trace:
[15-Sep-2017 15:38:35 UTC] PHP   1. {main}() /home/ubuntu/workspace/mkhalifa12/hw/homework2/index.php:0
[15-Sep-2017 15:38:35 UTC] PHP   2. array_rand() /home/ubuntu/workspace/mkhalifa12/hw/homework2/index.php:29
[15-Sep-2017 15:38:36 UTC] PHP Warning:  array_rand() expects parameter 1 to be array, null given in /home/ubuntu/workspace/mkhalifa12/hw/homework2/index.php on line 29
[15-Sep-2017 15:38:36 UTC] PHP Stack trace:
[15-Sep-2017 15:38:36 UTC] PHP   1. {main}() /home/ubuntu/workspace/mkhalifa12/hw/homework2/index.php:0
[15-Sep-2017 15:38:36 UTC] PHP   2. array_rand() /home/ubuntu/workspace/mkhalifa12/hw/homework2/index.php:29
[15-Sep-2017 15:55:43 UTC] PHP Parse error:  syntax error, unexpected 'echo' (T_ECHO), expecting ',' or ';' in /home/ubuntu/workspace/mkhalifa12/hw/homework2/index.php on line 28
[15-Sep-2017 15:55:54 UTC] PHP Parse error:  syntax error, unexpected 'echo' (T_ECHO), expecting ',' or ';' in /home/ubuntu/workspace/mkhalifa12/hw/homework2/index.php on line 28
[15-Sep-2017 15:55:55 UTC] PHP Parse error:  syntax error, unexpected 'echo' (T_ECHO), expecting ',' or ';' in /home/ubuntu/workspace/mkhalifa12/hw/homework2/index.php on line 28
[15-Sep-2017 15:58:41 UTC] PHP Parse error:  syntax error, unexpected '(', expecting ']' in /home/ubuntu/workspace/mkhalifa12/hw/homework2/index.php on line 28
[15-Sep-2017 16:00:40 UTC] PHP Parse error:  syntax error, unexpected '(', expecting ']' in /home/ubuntu/workspace/mkhalifa12/hw/homework2/index.php on line 28
[15-Sep-2017 16:00:42 UTC] PHP Parse error:  syntax error, unexpected '(', expecting ']' in /home/ubuntu/workspace/mkhalifa12/hw/homework2/index.php on line 28
[15-Sep-2017 16:48:52 UTC] PHP Parse error:  syntax error, unexpected '(', expecting ']' in /home/ubuntu/workspace/mkhalifa12/hw/homework2/functions.php on line 26
[15-Sep-2017 16:48:52 UTC] PHP Stack trace:
[15-Sep-2017 16:48:52 UTC] PHP   1. {main}() /home/ubuntu/workspace/mkhalifa12/hw/homework2/index.php:0
[15-Sep-2017 16:49:58 UTC] PHP Parse error:  syntax error, unexpected '(', expecting ']' in /home/ubuntu/workspace/mkhalifa12/hw/homework2/functions.php on line 26
[15-Sep-2017 16:49:58 UTC] PHP Stack trace:
[15-Sep-2017 16:49:58 UTC] PHP   1. {main}() /home/ubuntu/workspace/mkhalifa12/hw/homework2/index.php:0
[15-Sep-2017 16:50:01 UTC] PHP Parse error:  syntax error, unexpected '(', expecting ']' in /home/ubuntu/workspace/mkhalifa12/hw/homework2/functions.php on line 26
[15-Sep-2017 16:50:01 UTC] PHP Stack trace:
[15-Sep-2017 16:50:01 UTC] PHP   1. {main}() /home/ubuntu/workspace/mkhalifa12/hw/homework2/index.php:0
[15-Sep-2017 16:50:07 UTC] PHP Parse error:  syntax error, unexpected '(', expecting ']' in /home/ubuntu/workspace/mkhalifa12/hw/homework2/functions.php on line 26
[15-Sep-2017 16:50:07 UTC] PHP Stack trace:
[15-Sep-2017 16:50:07 UTC] PHP   1. {main}() /home/ubuntu/workspace/mkhalifa12/hw/homework2/index.php:0
[15-Sep-2017 16:50:48 UTC] PHP Parse error:  syntax error, unexpected '(', expecting ']' in /home/ubuntu/workspace/mkhalifa12/hw/homework2/functions.php on line 26
[15-Sep-2017 16:50:48 UTC] PHP Stack trace:
[15-Sep-2017 16:50:48 UTC] PHP   1. {main}() /home/ubuntu/workspace/mkhalifa12/hw/homework2/index.php:0
[15-Sep-2017 16:50:50 UTC] PHP Parse error:  syntax error, unexpected '(', expecting ']' in /home/ubuntu/workspace/mkhalifa12/hw/homework2/functions.php on line 26
[15-Sep-2017 16:50:50 UTC] PHP Stack trace:
[15-Sep-2017 16:50:50 UTC] PHP   1. {main}() /home/ubuntu/workspace/mkhalifa12/hw/homework2/index.php:0
[15-Sep-2017 16:59:09 UTC] PHP Fatal error:  Cannot redeclare displaySymbol() (previously declared in /home/ubuntu/workspace/mkhalifa12/hw/homework2/functions.php:3) in /home/ubuntu/workspace/mkhalifa12/hw/homework2/functions.php on line 46
[15-Sep-2017 16:59:09 UTC] PHP Stack trace:
[15-Sep-2017 16:59:09 UTC] PHP   1. {main}() /home/ubuntu/workspace/mkhalifa12/hw/homework2/index.php:0
[15-Sep-2017 17:01:32 UTC] PHP Parse error:  syntax error, unexpected '(', expecting ']' in /home/ubuntu/workspace/mkhalifa12/hw/homework2/functions.php on line 33
[15-Sep-2017 17:01:32 UTC] PHP Stack trace:
[15-Sep-2017 17:01:32 UTC] PHP   1. {main}() /home/ubuntu/workspace/mkhalifa12/hw/homework2/index.php:0
[15-Sep-2017 17:01:35 UTC] PHP Parse error:  syntax error, unexpected '(', expecting ']' in /home/ubuntu/workspace/mkhalifa12/hw/homework2/functions.php on line 33
[15-Sep-2017 17:01:35 UTC] PHP Stack trace:
[15-Sep-2017 17:01:35 UTC] PHP   1. {main}() /home/ubuntu/workspace/mkhalifa12/hw/homework2/index.php:0
[15-Sep-2017 17:02:20 UTC] PHP Parse error:  syntax error, unexpected '(', expecting ']' in /home/ubuntu/workspace/mkhalifa12/hw/homework2/functions.php on line 33
[15-Sep-2017 17:02:20 UTC] PHP Stack trace:
[15-Sep-2017 17:02:20 UTC] PHP   1. {main}() /home/ubuntu/workspace/mkhalifa12/hw/homework2/index.php:0
[15-Sep-2017 17:02:22 UTC] PHP Parse error:  syntax error, unexpected '(', expecting ']' in /home/ubuntu/workspace/mkhalifa12/hw/homework2/functions.php on line 33
[15-Sep-2017 17:02:22 UTC] PHP Stack trace:
[15-Sep-2017 17:02:22 UTC] PHP   1. {main}() /home/ubuntu/workspace/mkhalifa12/hw/homework2/index.php:0
[15-Sep-2017 17:02:23 UTC] PHP Parse error:  syntax error, unexpected '(', expecting ']' in /home/ubuntu/workspace/mkhalifa12/hw/homework2/functions.php on line 33
[15-Sep-2017 17:02:23 UTC] PHP Stack trace:
[15-Sep-2017 17:02:23 UTC] PHP   1. {main}() /home/ubuntu/workspace/mkhalifa12/hw/homework2/index.php:0
[15-Sep-2017 17:02:24 UTC] PHP Parse error:  syntax error, unexpected '(', expecting ']' in /home/ubuntu/workspace/mkhalifa12/hw/homework2/functions.php on line 33
[15-Sep-2017 17:02:24 UTC] PHP Stack trace:
[15-Sep-2017 17:02:24 UTC] PHP   1. {main}() /home/ubuntu/workspace/mkhalifa12/hw/homework2/index.php:0
