[07-Sep-2017 03:24:06 UTC] PHP Parse error:  syntax error, unexpected end of file, expecting variable (T_VARIABLE) or ${ (T_DOLLAR_OPEN_CURLY_BRACES) or {$ (T_CURLY_OPEN) in /home/ubuntu/workspace/mkhalifa12/labs/lab2/index.php on line 70
[07-Sep-2017 03:24:18 UTC] PHP Parse error:  syntax error, unexpected end of file, expecting variable (T_VARIABLE) or ${ (T_DOLLAR_OPEN_CURLY_BRACES) or {$ (T_CURLY_OPEN) in /home/ubuntu/workspace/mkhalifa12/labs/lab2/index.php on line 70
[07-Sep-2017 03:24:44 UTC] PHP Parse error:  syntax error, unexpected end of file, expecting variable (T_VARIABLE) or ${ (T_DOLLAR_OPEN_CURLY_BRACES) or {$ (T_CURLY_OPEN) in /home/ubuntu/workspace/mkhalifa12/labs/lab2/index.php on line 70
[07-Sep-2017 03:25:48 UTC] PHP Parse error:  syntax error, unexpected end of file, expecting variable (T_VARIABLE) or ${ (T_DOLLAR_OPEN_CURLY_BRACES) or {$ (T_CURLY_OPEN) in /home/ubuntu/workspace/mkhalifa12/labs/lab2/index.php on line 70
[07-Sep-2017 03:25:50 UTC] PHP Parse error:  syntax error, unexpected end of file, expecting variable (T_VARIABLE) or ${ (T_DOLLAR_OPEN_CURLY_BRACES) or {$ (T_CURLY_OPEN) in /home/ubuntu/workspace/mkhalifa12/labs/lab2/index.php on line 70
[07-Sep-2017 04:06:49 UTC] PHP Fatal error:  Call to undefined function displaySymbol() in /home/ubuntu/workspace/mkhalifa12/labs/lab2/inc/functions.php on line 6
[07-Sep-2017 04:06:49 UTC] PHP Stack trace:
[07-Sep-2017 04:06:49 UTC] PHP   1. {main}() /home/ubuntu/workspace/mkhalifa12/labs/lab2/index.php:0
[07-Sep-2017 04:06:49 UTC] PHP   2. play() /home/ubuntu/workspace/mkhalifa12/labs/lab2/index.php:11
[07-Sep-2017 04:06:50 UTC] PHP Fatal error:  Call to undefined function displaySymbol() in /home/ubuntu/workspace/mkhalifa12/labs/lab2/inc/functions.php on line 6
[07-Sep-2017 04:06:50 UTC] PHP Stack trace:
[07-Sep-2017 04:06:50 UTC] PHP   1. {main}() /home/ubuntu/workspace/mkhalifa12/labs/lab2/index.php:0
[07-Sep-2017 04:06:50 UTC] PHP   2. play() /home/ubuntu/workspace/mkhalifa12/labs/lab2/index.php:11
[07-Sep-2017 04:07:26 UTC] PHP Fatal error:  Call to undefined function displaySymbol() in /home/ubuntu/workspace/mkhalifa12/labs/lab2/inc/functions.php on line 6
[07-Sep-2017 04:07:26 UTC] PHP Stack trace:
[07-Sep-2017 04:07:26 UTC] PHP   1. {main}() /home/ubuntu/workspace/mkhalifa12/labs/lab2/index.php:0
[07-Sep-2017 04:07:26 UTC] PHP   2. play() /home/ubuntu/workspace/mkhalifa12/labs/lab2/index.php:11
[07-Sep-2017 04:08:16 UTC] PHP Fatal error:  Call to undefined function displaySymbol() in /home/ubuntu/workspace/mkhalifa12/labs/lab2/inc/functions.php on line 6
[07-Sep-2017 04:08:16 UTC] PHP Stack trace:
[07-Sep-2017 04:08:16 UTC] PHP   1. {main}() /home/ubuntu/workspace/mkhalifa12/labs/lab2/index.php:0
[07-Sep-2017 04:08:16 UTC] PHP   2. play() /home/ubuntu/workspace/mkhalifa12/labs/lab2/index.php:11
[07-Sep-2017 16:56:46 UTC] PHP Parse error:  syntax error, unexpected '|', expecting '{' in /home/ubuntu/workspace/mkhalifa12/labs/lab2/index.php on line 23
[07-Sep-2017 17:07:43 UTC] PHP Parse error:  syntax error, unexpected 'echo' (T_ECHO), expecting '{' in /home/ubuntu/workspace/mkhalifa12/labs/lab2/index.php on line 24
[07-Sep-2017 19:35:48 UTC] PHP Warning:  Missing argument 2 for displaySymbol(), called in /home/ubuntu/workspace/mkhalifa12/labs/lab2/inc/functions.php on line 51 and defined in /home/ubuntu/workspace/mkhalifa12/labs/lab2/inc/functions.php on line 33
[07-Sep-2017 19:35:48 UTC] PHP Stack trace:
[07-Sep-2017 19:35:48 UTC] PHP   1. {main}() /home/ubuntu/workspace/mkhalifa12/labs/lab2/index.php:0
[07-Sep-2017 19:35:48 UTC] PHP   2. play() /home/ubuntu/workspace/mkhalifa12/labs/lab2/index.php:15
[07-Sep-2017 19:35:48 UTC] PHP   3. displaySymbol() /home/ubuntu/workspace/mkhalifa12/labs/lab2/inc/functions.php:51
[07-Sep-2017 19:35:48 UTC] PHP Warning:  Missing argument 2 for displaySymbol(), called in /home/ubuntu/workspace/mkhalifa12/labs/lab2/inc/functions.php on line 51 and defined in /home/ubuntu/workspace/mkhalifa12/labs/lab2/inc/functions.php on line 33
[07-Sep-2017 19:35:48 UTC] PHP Stack trace:
[07-Sep-2017 19:35:48 UTC] PHP   1. {main}() /home/ubuntu/workspace/mkhalifa12/labs/lab2/index.php:0
[07-Sep-2017 19:35:48 UTC] PHP   2. play() /home/ubuntu/workspace/mkhalifa12/labs/lab2/index.php:15
[07-Sep-2017 19:35:48 UTC] PHP   3. displaySymbol() /home/ubuntu/workspace/mkhalifa12/labs/lab2/inc/functions.php:51
[07-Sep-2017 19:35:48 UTC] PHP Warning:  Missing argument 2 for displaySymbol(), called in /home/ubuntu/workspace/mkhalifa12/labs/lab2/inc/functions.php on line 51 and defined in /home/ubuntu/workspace/mkhalifa12/labs/lab2/inc/functions.php on line 33
[07-Sep-2017 19:35:48 UTC] PHP Stack trace:
[07-Sep-2017 19:35:48 UTC] PHP   1. {main}() /home/ubuntu/workspace/mkhalifa12/labs/lab2/index.php:0
[07-Sep-2017 19:35:48 UTC] PHP   2. play() /home/ubuntu/workspace/mkhalifa12/labs/lab2/index.php:15
[07-Sep-2017 19:35:48 UTC] PHP   3. displaySymbol() /home/ubuntu/workspace/mkhalifa12/labs/lab2/inc/functions.php:51
[07-Sep-2017 19:35:53 UTC] PHP Warning:  Missing argument 2 for displaySymbol(), called in /home/ubuntu/workspace/mkhalifa12/labs/lab2/inc/functions.php on line 51 and defined in /home/ubuntu/workspace/mkhalifa12/labs/lab2/inc/functions.php on line 33
[07-Sep-2017 19:35:53 UTC] PHP Stack trace:
[07-Sep-2017 19:35:53 UTC] PHP   1. {main}() /home/ubuntu/workspace/mkhalifa12/labs/lab2/index.php:0
[07-Sep-2017 19:35:53 UTC] PHP   2. play() /home/ubuntu/workspace/mkhalifa12/labs/lab2/index.php:15
[07-Sep-2017 19:35:53 UTC] PHP   3. displaySymbol() /home/ubuntu/workspace/mkhalifa12/labs/lab2/inc/functions.php:51
[07-Sep-2017 19:35:53 UTC] PHP Warning:  Missing argument 2 for displaySymbol(), called in /home/ubuntu/workspace/mkhalifa12/labs/lab2/inc/functions.php on line 51 and defined in /home/ubuntu/workspace/mkhalifa12/labs/lab2/inc/functions.php on line 33
[07-Sep-2017 19:35:53 UTC] PHP Stack trace:
[07-Sep-2017 19:35:53 UTC] PHP   1. {main}() /home/ubuntu/workspace/mkhalifa12/labs/lab2/index.php:0
[07-Sep-2017 19:35:53 UTC] PHP   2. play() /home/ubuntu/workspace/mkhalifa12/labs/lab2/index.php:15
[07-Sep-2017 19:35:53 UTC] PHP   3. displaySymbol() /home/ubuntu/workspace/mkhalifa12/labs/lab2/inc/functions.php:51
[07-Sep-2017 19:35:53 UTC] PHP Warning:  Missing argument 2 for displaySymbol(), called in /home/ubuntu/workspace/mkhalifa12/labs/lab2/inc/functions.php on line 51 and defined in /home/ubuntu/workspace/mkhalifa12/labs/lab2/inc/functions.php on line 33
[07-Sep-2017 19:35:53 UTC] PHP Stack trace:
[07-Sep-2017 19:35:53 UTC] PHP   1. {main}() /home/ubuntu/workspace/mkhalifa12/labs/lab2/index.php:0
[07-Sep-2017 19:35:53 UTC] PHP   2. play() /home/ubuntu/workspace/mkhalifa12/labs/lab2/index.php:15
[07-Sep-2017 19:35:53 UTC] PHP   3. displaySymbol() /home/ubuntu/workspace/mkhalifa12/labs/lab2/inc/functions.php:51
[07-Sep-2017 19:36:54 UTC] PHP Warning:  Missing argument 2 for displaySymbol(), called in /home/ubuntu/workspace/mkhalifa12/labs/lab2/inc/functions.php on line 51 and defined in /home/ubuntu/workspace/mkhalifa12/labs/lab2/inc/functions.php on line 33
[07-Sep-2017 19:36:54 UTC] PHP Stack trace:
[07-Sep-2017 19:36:54 UTC] PHP   1. {main}() /home/ubuntu/workspace/mkhalifa12/labs/lab2/index.php:0
[07-Sep-2017 19:36:54 UTC] PHP   2. play() /home/ubuntu/workspace/mkhalifa12/labs/lab2/index.php:15
[07-Sep-2017 19:36:54 UTC] PHP   3. displaySymbol() /home/ubuntu/workspace/mkhalifa12/labs/lab2/inc/functions.php:51
[07-Sep-2017 19:36:54 UTC] PHP Warning:  Missing argument 2 for displaySymbol(), called in /home/ubuntu/workspace/mkhalifa12/labs/lab2/inc/functions.php on line 51 and defined in /home/ubuntu/workspace/mkhalifa12/labs/lab2/inc/functions.php on line 33
[07-Sep-2017 19:36:54 UTC] PHP Stack trace:
[07-Sep-2017 19:36:54 UTC] PHP   1. {main}() /home/ubuntu/workspace/mkhalifa12/labs/lab2/index.php:0
[07-Sep-2017 19:36:54 UTC] PHP   2. play() /home/ubuntu/workspace/mkhalifa12/labs/lab2/index.php:15
[07-Sep-2017 19:36:54 UTC] PHP   3. displaySymbol() /home/ubuntu/workspace/mkhalifa12/labs/lab2/inc/functions.php:51
[07-Sep-2017 19:36:54 UTC] PHP Warning:  Missing argument 2 for displaySymbol(), called in /home/ubuntu/workspace/mkhalifa12/labs/lab2/inc/functions.php on line 51 and defined in /home/ubuntu/workspace/mkhalifa12/labs/lab2/inc/functions.php on line 33
[07-Sep-2017 19:36:54 UTC] PHP Stack trace:
[07-Sep-2017 19:36:54 UTC] PHP   1. {main}() /home/ubuntu/workspace/mkhalifa12/labs/lab2/index.php:0
[07-Sep-2017 19:36:54 UTC] PHP   2. play() /home/ubuntu/workspace/mkhalifa12/labs/lab2/index.php:15
[07-Sep-2017 19:36:54 UTC] PHP   3. displaySymbol() /home/ubuntu/workspace/mkhalifa12/labs/lab2/inc/functions.php:51
[07-Sep-2017 19:36:55 UTC] PHP Warning:  Missing argument 2 for displaySymbol(), called in /home/ubuntu/workspace/mkhalifa12/labs/lab2/inc/functions.php on line 51 and defined in /home/ubuntu/workspace/mkhalifa12/labs/lab2/inc/functions.php on line 33
[07-Sep-2017 19:36:55 UTC] PHP Stack trace:
[07-Sep-2017 19:36:55 UTC] PHP   1. {main}() /home/ubuntu/workspace/mkhalifa12/labs/lab2/index.php:0
[07-Sep-2017 19:36:55 UTC] PHP   2. play() /home/ubuntu/workspace/mkhalifa12/labs/lab2/index.php:15
[07-Sep-2017 19:36:55 UTC] PHP   3. displaySymbol() /home/ubuntu/workspace/mkhalifa12/labs/lab2/inc/functions.php:51
[07-Sep-2017 19:36:55 UTC] PHP Warning:  Missing argument 2 for displaySymbol(), called in /home/ubuntu/workspace/mkhalifa12/labs/lab2/inc/functions.php on line 51 and defined in /home/ubuntu/workspace/mkhalifa12/labs/lab2/inc/functions.php on line 33
[07-Sep-2017 19:36:55 UTC] PHP Stack trace:
[07-Sep-2017 19:36:55 UTC] PHP   1. {main}() /home/ubuntu/workspace/mkhalifa12/labs/lab2/index.php:0
[07-Sep-2017 19:36:55 UTC] PHP   2. play() /home/ubuntu/workspace/mkhalifa12/labs/lab2/index.php:15
[07-Sep-2017 19:36:55 UTC] PHP   3. displaySymbol() /home/ubuntu/workspace/mkhalifa12/labs/lab2/inc/functions.php:51
[07-Sep-2017 19:36:55 UTC] PHP Warning:  Missing argument 2 for displaySymbol(), called in /home/ubuntu/workspace/mkhalifa12/labs/lab2/inc/functions.php on line 51 and defined in /home/ubuntu/workspace/mkhalifa12/labs/lab2/inc/functions.php on line 33
[07-Sep-2017 19:36:55 UTC] PHP Stack trace:
[07-Sep-2017 19:36:55 UTC] PHP   1. {main}() /home/ubuntu/workspace/mkhalifa12/labs/lab2/index.php:0
[07-Sep-2017 19:36:55 UTC] PHP   2. play() /home/ubuntu/workspace/mkhalifa12/labs/lab2/index.php:15
[07-Sep-2017 19:36:55 UTC] PHP   3. displaySymbol() /home/ubuntu/workspace/mkhalifa12/labs/lab2/inc/functions.php:51
[07-Sep-2017 19:38:46 UTC] PHP Warning:  Missing argument 2 for displaySymbol(), called in /home/ubuntu/workspace/mkhalifa12/labs/lab2/inc/functions.php on line 51 and defined in /home/ubuntu/workspace/mkhalifa12/labs/lab2/inc/functions.php on line 33
[07-Sep-2017 19:38:46 UTC] PHP Stack trace:
[07-Sep-2017 19:38:46 UTC] PHP   1. {main}() /home/ubuntu/workspace/mkhalifa12/labs/lab2/index.php:0
[07-Sep-2017 19:38:46 UTC] PHP   2. play() /home/ubuntu/workspace/mkhalifa12/labs/lab2/index.php:15
[07-Sep-2017 19:38:46 UTC] PHP   3. displaySymbol() /home/ubuntu/workspace/mkhalifa12/labs/lab2/inc/functions.php:51
[07-Sep-2017 19:38:46 UTC] PHP Warning:  Missing argument 2 for displaySymbol(), called in /home/ubuntu/workspace/mkhalifa12/labs/lab2/inc/functions.php on line 51 and defined in /home/ubuntu/workspace/mkhalifa12/labs/lab2/inc/functions.php on line 33
[07-Sep-2017 19:38:46 UTC] PHP Stack trace:
[07-Sep-2017 19:38:46 UTC] PHP   1. {main}() /home/ubuntu/workspace/mkhalifa12/labs/lab2/index.php:0
[07-Sep-2017 19:38:46 UTC] PHP   2. play() /home/ubuntu/workspace/mkhalifa12/labs/lab2/index.php:15
[07-Sep-2017 19:38:46 UTC] PHP   3. displaySymbol() /home/ubuntu/workspace/mkhalifa12/labs/lab2/inc/functions.php:51
[07-Sep-2017 19:38:46 UTC] PHP Warning:  Missing argument 2 for displaySymbol(), called in /home/ubuntu/workspace/mkhalifa12/labs/lab2/inc/functions.php on line 51 and defined in /home/ubuntu/workspace/mkhalifa12/labs/lab2/inc/functions.php on line 33
[07-Sep-2017 19:38:46 UTC] PHP Stack trace:
[07-Sep-2017 19:38:46 UTC] PHP   1. {main}() /home/ubuntu/workspace/mkhalifa12/labs/lab2/index.php:0
[07-Sep-2017 19:38:46 UTC] PHP   2. play() /home/ubuntu/workspace/mkhalifa12/labs/lab2/index.php:15
[07-Sep-2017 19:38:46 UTC] PHP   3. displaySymbol() /home/ubuntu/workspace/mkhalifa12/labs/lab2/inc/functions.php:51
[07-Sep-2017 19:39:16 UTC] PHP Warning:  Missing argument 2 for displaySymbol(), called in /home/ubuntu/workspace/mkhalifa12/labs/lab2/inc/functions.php on line 51 and defined in /home/ubuntu/workspace/mkhalifa12/labs/lab2/inc/functions.php on line 33
[07-Sep-2017 19:39:16 UTC] PHP Stack trace:
[07-Sep-2017 19:39:16 UTC] PHP   1. {main}() /home/ubuntu/workspace/mkhalifa12/labs/lab2/index.php:0
[07-Sep-2017 19:39:16 UTC] PHP   2. play() /home/ubuntu/workspace/mkhalifa12/labs/lab2/index.php:15
[07-Sep-2017 19:39:16 UTC] PHP   3. displaySymbol() /home/ubuntu/workspace/mkhalifa12/labs/lab2/inc/functions.php:51
[07-Sep-2017 19:39:16 UTC] PHP Warning:  Missing argument 2 for displaySymbol(), called in /home/ubuntu/workspace/mkhalifa12/labs/lab2/inc/functions.php on line 51 and defined in /home/ubuntu/workspace/mkhalifa12/labs/lab2/inc/functions.php on line 33
[07-Sep-2017 19:39:16 UTC] PHP Stack trace:
[07-Sep-2017 19:39:16 UTC] PHP   1. {main}() /home/ubuntu/workspace/mkhalifa12/labs/lab2/index.php:0
[07-Sep-2017 19:39:16 UTC] PHP   2. play() /home/ubuntu/workspace/mkhalifa12/labs/lab2/index.php:15
[07-Sep-2017 19:39:16 UTC] PHP   3. displaySymbol() /home/ubuntu/workspace/mkhalifa12/labs/lab2/inc/functions.php:51
[07-Sep-2017 19:39:16 UTC] PHP Warning:  Missing argument 2 for displaySymbol(), called in /home/ubuntu/workspace/mkhalifa12/labs/lab2/inc/functions.php on line 51 and defined in /home/ubuntu/workspace/mkhalifa12/labs/lab2/inc/functions.php on line 33
[07-Sep-2017 19:39:16 UTC] PHP Stack trace:
[07-Sep-2017 19:39:16 UTC] PHP   1. {main}() /home/ubuntu/workspace/mkhalifa12/labs/lab2/index.php:0
[07-Sep-2017 19:39:16 UTC] PHP   2. play() /home/ubuntu/workspace/mkhalifa12/labs/lab2/index.php:15
[07-Sep-2017 19:39:16 UTC] PHP   3. displaySymbol() /home/ubuntu/workspace/mkhalifa12/labs/lab2/inc/functions.php:51
[07-Sep-2017 19:39:16 UTC] PHP Warning:  Missing argument 2 for displaySymbol(), called in /home/ubuntu/workspace/mkhalifa12/labs/lab2/inc/functions.php on line 51 and defined in /home/ubuntu/workspace/mkhalifa12/labs/lab2/inc/functions.php on line 33
[07-Sep-2017 19:39:16 UTC] PHP Stack trace:
[07-Sep-2017 19:39:16 UTC] PHP   1. {main}() /home/ubuntu/workspace/mkhalifa12/labs/lab2/index.php:0
[07-Sep-2017 19:39:16 UTC] PHP   2. play() /home/ubuntu/workspace/mkhalifa12/labs/lab2/index.php:15
[07-Sep-2017 19:39:16 UTC] PHP   3. displaySymbol() /home/ubuntu/workspace/mkhalifa12/labs/lab2/inc/functions.php:51
[07-Sep-2017 19:39:16 UTC] PHP Warning:  Missing argument 2 for displaySymbol(), called in /home/ubuntu/workspace/mkhalifa12/labs/lab2/inc/functions.php on line 51 and defined in /home/ubuntu/workspace/mkhalifa12/labs/lab2/inc/functions.php on line 33
[07-Sep-2017 19:39:16 UTC] PHP Stack trace:
[07-Sep-2017 19:39:16 UTC] PHP   1. {main}() /home/ubuntu/workspace/mkhalifa12/labs/lab2/index.php:0
[07-Sep-2017 19:39:16 UTC] PHP   2. play() /home/ubuntu/workspace/mkhalifa12/labs/lab2/index.php:15
[07-Sep-2017 19:39:16 UTC] PHP   3. displaySymbol() /home/ubuntu/workspace/mkhalifa12/labs/lab2/inc/functions.php:51
[07-Sep-2017 19:39:16 UTC] PHP Warning:  Missing argument 2 for displaySymbol(), called in /home/ubuntu/workspace/mkhalifa12/labs/lab2/inc/functions.php on line 51 and defined in /home/ubuntu/workspace/mkhalifa12/labs/lab2/inc/functions.php on line 33
[07-Sep-2017 19:39:16 UTC] PHP Stack trace:
[07-Sep-2017 19:39:16 UTC] PHP   1. {main}() /home/ubuntu/workspace/mkhalifa12/labs/lab2/index.php:0
[07-Sep-2017 19:39:16 UTC] PHP   2. play() /home/ubuntu/workspace/mkhalifa12/labs/lab2/index.php:15
[07-Sep-2017 19:39:16 UTC] PHP   3. displaySymbol() /home/ubuntu/workspace/mkhalifa12/labs/lab2/inc/functions.php:51
[07-Sep-2017 19:39:31 UTC] PHP Warning:  Missing argument 2 for displaySymbol(), called in /home/ubuntu/workspace/mkhalifa12/labs/lab2/inc/functions.php on line 51 and defined in /home/ubuntu/workspace/mkhalifa12/labs/lab2/inc/functions.php on line 33
[07-Sep-2017 19:39:31 UTC] PHP Stack trace:
[07-Sep-2017 19:39:31 UTC] PHP   1. {main}() /home/ubuntu/workspace/mkhalifa12/labs/lab2/index.php:0
[07-Sep-2017 19:39:31 UTC] PHP   2. play() /home/ubuntu/workspace/mkhalifa12/labs/lab2/index.php:15
[07-Sep-2017 19:39:31 UTC] PHP   3. displaySymbol() /home/ubuntu/workspace/mkhalifa12/labs/lab2/inc/functions.php:51
[07-Sep-2017 19:39:31 UTC] PHP Warning:  Missing argument 2 for displaySymbol(), called in /home/ubuntu/workspace/mkhalifa12/labs/lab2/inc/functions.php on line 51 and defined in /home/ubuntu/workspace/mkhalifa12/labs/lab2/inc/functions.php on line 33
[07-Sep-2017 19:39:31 UTC] PHP Stack trace:
[07-Sep-2017 19:39:31 UTC] PHP   1. {main}() /home/ubuntu/workspace/mkhalifa12/labs/lab2/index.php:0
[07-Sep-2017 19:39:31 UTC] PHP   2. play() /home/ubuntu/workspace/mkhalifa12/labs/lab2/index.php:15
[07-Sep-2017 19:39:31 UTC] PHP   3. displaySymbol() /home/ubuntu/workspace/mkhalifa12/labs/lab2/inc/functions.php:51
[07-Sep-2017 19:39:31 UTC] PHP Warning:  Missing argument 2 for displaySymbol(), called in /home/ubuntu/workspace/mkhalifa12/labs/lab2/inc/functions.php on line 51 and defined in /home/ubuntu/workspace/mkhalifa12/labs/lab2/inc/functions.php on line 33
[07-Sep-2017 19:39:31 UTC] PHP Stack trace:
[07-Sep-2017 19:39:31 UTC] PHP   1. {main}() /home/ubuntu/workspace/mkhalifa12/labs/lab2/index.php:0
[07-Sep-2017 19:39:31 UTC] PHP   2. play() /home/ubuntu/workspace/mkhalifa12/labs/lab2/index.php:15
[07-Sep-2017 19:39:31 UTC] PHP   3. displaySymbol() /home/ubuntu/workspace/mkhalifa12/labs/lab2/inc/functions.php:51
[07-Sep-2017 19:39:45 UTC] PHP Warning:  Missing argument 2 for displaySymbol(), called in /home/ubuntu/workspace/mkhalifa12/labs/lab2/inc/functions.php on line 51 and defined in /home/ubuntu/workspace/mkhalifa12/labs/lab2/inc/functions.php on line 33
[07-Sep-2017 19:39:45 UTC] PHP Stack trace:
[07-Sep-2017 19:39:45 UTC] PHP   1. {main}() /home/ubuntu/workspace/mkhalifa12/labs/lab2/index.php:0
[07-Sep-2017 19:39:45 UTC] PHP   2. play() /home/ubuntu/workspace/mkhalifa12/labs/lab2/index.php:15
[07-Sep-2017 19:39:45 UTC] PHP   3. displaySymbol() /home/ubuntu/workspace/mkhalifa12/labs/lab2/inc/functions.php:51
[07-Sep-2017 19:39:45 UTC] PHP Warning:  Missing argument 2 for displaySymbol(), called in /home/ubuntu/workspace/mkhalifa12/labs/lab2/inc/functions.php on line 51 and defined in /home/ubuntu/workspace/mkhalifa12/labs/lab2/inc/functions.php on line 33
[07-Sep-2017 19:39:45 UTC] PHP Stack trace:
[07-Sep-2017 19:39:45 UTC] PHP   1. {main}() /home/ubuntu/workspace/mkhalifa12/labs/lab2/index.php:0
[07-Sep-2017 19:39:45 UTC] PHP   2. play() /home/ubuntu/workspace/mkhalifa12/labs/lab2/index.php:15
[07-Sep-2017 19:39:45 UTC] PHP   3. displaySymbol() /home/ubuntu/workspace/mkhalifa12/labs/lab2/inc/functions.php:51
[07-Sep-2017 19:39:45 UTC] PHP Warning:  Missing argument 2 for displaySymbol(), called in /home/ubuntu/workspace/mkhalifa12/labs/lab2/inc/functions.php on line 51 and defined in /home/ubuntu/workspace/mkhalifa12/labs/lab2/inc/functions.php on line 33
[07-Sep-2017 19:39:45 UTC] PHP Stack trace:
[07-Sep-2017 19:39:45 UTC] PHP   1. {main}() /home/ubuntu/workspace/mkhalifa12/labs/lab2/index.php:0
[07-Sep-2017 19:39:45 UTC] PHP   2. play() /home/ubuntu/workspace/mkhalifa12/labs/lab2/index.php:15
[07-Sep-2017 19:39:45 UTC] PHP   3. displaySymbol() /home/ubuntu/workspace/mkhalifa12/labs/lab2/inc/functions.php:51
[07-Sep-2017 19:41:23 UTC] PHP Warning:  include(/home/ubuntu/workspace/mkhalifa12/labs/lab2/inc/functions.php): failed to open stream: No such file or directory in /home/ubuntu/workspace/mkhalifa12/labs/lab2/index.php on line 14
[07-Sep-2017 19:41:23 UTC] PHP Stack trace:
[07-Sep-2017 19:41:23 UTC] PHP   1. {main}() /home/ubuntu/workspace/mkhalifa12/labs/lab2/index.php:0
[07-Sep-2017 19:41:23 UTC] PHP Warning:  include(): Failed opening 'inc/functions.php' for inclusion (include_path='.:/usr/share/php:/usr/share/pear') in /home/ubuntu/workspace/mkhalifa12/labs/lab2/index.php on line 14
[07-Sep-2017 19:41:23 UTC] PHP Stack trace:
[07-Sep-2017 19:41:23 UTC] PHP   1. {main}() /home/ubuntu/workspace/mkhalifa12/labs/lab2/index.php:0
[07-Sep-2017 19:41:23 UTC] PHP Fatal error:  Call to undefined function play() in /home/ubuntu/workspace/mkhalifa12/labs/lab2/index.php on line 15
[07-Sep-2017 19:41:23 UTC] PHP Stack trace:
[07-Sep-2017 19:41:23 UTC] PHP   1. {main}() /home/ubuntu/workspace/mkhalifa12/labs/lab2/index.php:0
[07-Sep-2017 19:41:50 UTC] PHP Warning:  include(/home/ubuntu/workspace/mkhalifa12/labs/lab2/inc/functions.php): failed to open stream: No such file or directory in /home/ubuntu/workspace/mkhalifa12/labs/lab2/index.php on line 14
[07-Sep-2017 19:41:50 UTC] PHP Stack trace:
[07-Sep-2017 19:41:50 UTC] PHP   1. {main}() /home/ubuntu/workspace/mkhalifa12/labs/lab2/index.php:0
[07-Sep-2017 19:41:50 UTC] PHP Warning:  include(): Failed opening 'inc/functions.php' for inclusion (include_path='.:/usr/share/php:/usr/share/pear') in /home/ubuntu/workspace/mkhalifa12/labs/lab2/index.php on line 14
[07-Sep-2017 19:41:50 UTC] PHP Stack trace:
[07-Sep-2017 19:41:50 UTC] PHP   1. {main}() /home/ubuntu/workspace/mkhalifa12/labs/lab2/index.php:0
[07-Sep-2017 19:41:50 UTC] PHP Fatal error:  Call to undefined function play() in /home/ubuntu/workspace/mkhalifa12/labs/lab2/index.php on line 15
[07-Sep-2017 19:41:50 UTC] PHP Stack trace:
[07-Sep-2017 19:41:50 UTC] PHP   1. {main}() /home/ubuntu/workspace/mkhalifa12/labs/lab2/index.php:0
[07-Sep-2017 19:41:51 UTC] PHP Warning:  include(inc/functions.php): failed to open stream: No such file or directory in /home/ubuntu/workspace/mkhalifa12/labs/lab2/index.php on line 14
[07-Sep-2017 19:41:51 UTC] PHP Stack trace:
[07-Sep-2017 19:41:51 UTC] PHP   1. {main}() /home/ubuntu/workspace/mkhalifa12/labs/lab2/index.php:0
[07-Sep-2017 19:41:51 UTC] PHP Warning:  include(): Failed opening 'inc/functions.php' for inclusion (include_path='.:/usr/share/php:/usr/share/pear') in /home/ubuntu/workspace/mkhalifa12/labs/lab2/index.php on line 14
[07-Sep-2017 19:41:51 UTC] PHP Stack trace:
[07-Sep-2017 19:41:51 UTC] PHP   1. {main}() /home/ubuntu/workspace/mkhalifa12/labs/lab2/index.php:0
[07-Sep-2017 19:41:51 UTC] PHP Fatal error:  Call to undefined function play() in /home/ubuntu/workspace/mkhalifa12/labs/lab2/index.php on line 15
[07-Sep-2017 19:41:51 UTC] PHP Stack trace:
[07-Sep-2017 19:41:51 UTC] PHP   1. {main}() /home/ubuntu/workspace/mkhalifa12/labs/lab2/index.php:0
[07-Sep-2017 19:46:17 UTC] PHP Warning:  Missing argument 2 for displaySymbol(), called in /home/ubuntu/workspace/mkhalifa12/labs/lab2/functions.php on line 51 and defined in /home/ubuntu/workspace/mkhalifa12/labs/lab2/functions.php on line 33
[07-Sep-2017 19:46:17 UTC] PHP Stack trace:
[07-Sep-2017 19:46:17 UTC] PHP   1. {main}() /home/ubuntu/workspace/mkhalifa12/labs/lab2/index.php:0
[07-Sep-2017 19:46:17 UTC] PHP   2. play() /home/ubuntu/workspace/mkhalifa12/labs/lab2/index.php:15
[07-Sep-2017 19:46:17 UTC] PHP   3. displaySymbol() /home/ubuntu/workspace/mkhalifa12/labs/lab2/functions.php:51
[07-Sep-2017 19:46:17 UTC] PHP Warning:  Missing argument 2 for displaySymbol(), called in /home/ubuntu/workspace/mkhalifa12/labs/lab2/functions.php on line 51 and defined in /home/ubuntu/workspace/mkhalifa12/labs/lab2/functions.php on line 33
[07-Sep-2017 19:46:17 UTC] PHP Stack trace:
[07-Sep-2017 19:46:17 UTC] PHP   1. {main}() /home/ubuntu/workspace/mkhalifa12/labs/lab2/index.php:0
[07-Sep-2017 19:46:17 UTC] PHP   2. play() /home/ubuntu/workspace/mkhalifa12/labs/lab2/index.php:15
[07-Sep-2017 19:46:17 UTC] PHP   3. displaySymbol() /home/ubuntu/workspace/mkhalifa12/labs/lab2/functions.php:51
[07-Sep-2017 19:46:17 UTC] PHP Warning:  Missing argument 2 for displaySymbol(), called in /home/ubuntu/workspace/mkhalifa12/labs/lab2/functions.php on line 51 and defined in /home/ubuntu/workspace/mkhalifa12/labs/lab2/functions.php on line 33
[07-Sep-2017 19:46:17 UTC] PHP Stack trace:
[07-Sep-2017 19:46:17 UTC] PHP   1. {main}() /home/ubuntu/workspace/mkhalifa12/labs/lab2/index.php:0
[07-Sep-2017 19:46:17 UTC] PHP   2. play() /home/ubuntu/workspace/mkhalifa12/labs/lab2/index.php:15
[07-Sep-2017 19:46:17 UTC] PHP   3. displaySymbol() /home/ubuntu/workspace/mkhalifa12/labs/lab2/functions.php:51
[07-Sep-2017 19:46:46 UTC] PHP Warning:  Missing argument 2 for displaySymbol(), called in /home/ubuntu/workspace/mkhalifa12/labs/lab2/functions.php on line 51 and defined in /home/ubuntu/workspace/mkhalifa12/labs/lab2/functions.php on line 33
[07-Sep-2017 19:46:46 UTC] PHP Stack trace:
[07-Sep-2017 19:46:46 UTC] PHP   1. {main}() /home/ubuntu/workspace/mkhalifa12/labs/lab2/index.php:0
[07-Sep-2017 19:46:46 UTC] PHP   2. play() /home/ubuntu/workspace/mkhalifa12/labs/lab2/index.php:15
[07-Sep-2017 19:46:46 UTC] PHP   3. displaySymbol() /home/ubuntu/workspace/mkhalifa12/labs/lab2/functions.php:51
[07-Sep-2017 19:46:46 UTC] PHP Warning:  Missing argument 2 for displaySymbol(), called in /home/ubuntu/workspace/mkhalifa12/labs/lab2/functions.php on line 51 and defined in /home/ubuntu/workspace/mkhalifa12/labs/lab2/functions.php on line 33
[07-Sep-2017 19:46:46 UTC] PHP Stack trace:
[07-Sep-2017 19:46:46 UTC] PHP   1. {main}() /home/ubuntu/workspace/mkhalifa12/labs/lab2/index.php:0
[07-Sep-2017 19:46:46 UTC] PHP   2. play() /home/ubuntu/workspace/mkhalifa12/labs/lab2/index.php:15
[07-Sep-2017 19:46:46 UTC] PHP   3. displaySymbol() /home/ubuntu/workspace/mkhalifa12/labs/lab2/functions.php:51
[07-Sep-2017 19:46:46 UTC] PHP Warning:  Missing argument 2 for displaySymbol(), called in /home/ubuntu/workspace/mkhalifa12/labs/lab2/functions.php on line 51 and defined in /home/ubuntu/workspace/mkhalifa12/labs/lab2/functions.php on line 33
[07-Sep-2017 19:46:46 UTC] PHP Stack trace:
[07-Sep-2017 19:46:46 UTC] PHP   1. {main}() /home/ubuntu/workspace/mkhalifa12/labs/lab2/index.php:0
[07-Sep-2017 19:46:46 UTC] PHP   2. play() /home/ubuntu/workspace/mkhalifa12/labs/lab2/index.php:15
[07-Sep-2017 19:46:46 UTC] PHP   3. displaySymbol() /home/ubuntu/workspace/mkhalifa12/labs/lab2/functions.php:51
[07-Sep-2017 19:46:47 UTC] PHP Warning:  Missing argument 2 for displaySymbol(), called in /home/ubuntu/workspace/mkhalifa12/labs/lab2/functions.php on line 51 and defined in /home/ubuntu/workspace/mkhalifa12/labs/lab2/functions.php on line 33
[07-Sep-2017 19:46:47 UTC] PHP Stack trace:
[07-Sep-2017 19:46:47 UTC] PHP   1. {main}() /home/ubuntu/workspace/mkhalifa12/labs/lab2/index.php:0
[07-Sep-2017 19:46:47 UTC] PHP   2. play() /home/ubuntu/workspace/mkhalifa12/labs/lab2/index.php:15
[07-Sep-2017 19:46:47 UTC] PHP   3. displaySymbol() /home/ubuntu/workspace/mkhalifa12/labs/lab2/functions.php:51
[07-Sep-2017 19:46:47 UTC] PHP Warning:  Missing argument 2 for displaySymbol(), called in /home/ubuntu/workspace/mkhalifa12/labs/lab2/functions.php on line 51 and defined in /home/ubuntu/workspace/mkhalifa12/labs/lab2/functions.php on line 33
[07-Sep-2017 19:46:47 UTC] PHP Stack trace:
[07-Sep-2017 19:46:47 UTC] PHP   1. {main}() /home/ubuntu/workspace/mkhalifa12/labs/lab2/index.php:0
[07-Sep-2017 19:46:47 UTC] PHP   2. play() /home/ubuntu/workspace/mkhalifa12/labs/lab2/index.php:15
[07-Sep-2017 19:46:47 UTC] PHP   3. displaySymbol() /home/ubuntu/workspace/mkhalifa12/labs/lab2/functions.php:51
[07-Sep-2017 19:46:47 UTC] PHP Warning:  Missing argument 2 for displaySymbol(), called in /home/ubuntu/workspace/mkhalifa12/labs/lab2/functions.php on line 51 and defined in /home/ubuntu/workspace/mkhalifa12/labs/lab2/functions.php on line 33
[07-Sep-2017 19:46:47 UTC] PHP Stack trace:
[07-Sep-2017 19:46:47 UTC] PHP   1. {main}() /home/ubuntu/workspace/mkhalifa12/labs/lab2/index.php:0
[07-Sep-2017 19:46:47 UTC] PHP   2. play() /home/ubuntu/workspace/mkhalifa12/labs/lab2/index.php:15
[07-Sep-2017 19:46:47 UTC] PHP   3. displaySymbol() /home/ubuntu/workspace/mkhalifa12/labs/lab2/functions.php:51
[07-Sep-2017 19:46:48 UTC] PHP Warning:  Missing argument 2 for displaySymbol(), called in /home/ubuntu/workspace/mkhalifa12/labs/lab2/functions.php on line 51 and defined in /home/ubuntu/workspace/mkhalifa12/labs/lab2/functions.php on line 33
[07-Sep-2017 19:46:48 UTC] PHP Stack trace:
[07-Sep-2017 19:46:48 UTC] PHP   1. {main}() /home/ubuntu/workspace/mkhalifa12/labs/lab2/index.php:0
[07-Sep-2017 19:46:48 UTC] PHP   2. play() /home/ubuntu/workspace/mkhalifa12/labs/lab2/index.php:15
[07-Sep-2017 19:46:48 UTC] PHP   3. displaySymbol() /home/ubuntu/workspace/mkhalifa12/labs/lab2/functions.php:51
[07-Sep-2017 19:46:48 UTC] PHP Warning:  Missing argument 2 for displaySymbol(), called in /home/ubuntu/workspace/mkhalifa12/labs/lab2/functions.php on line 51 and defined in /home/ubuntu/workspace/mkhalifa12/labs/lab2/functions.php on line 33
[07-Sep-2017 19:46:48 UTC] PHP Stack trace:
[07-Sep-2017 19:46:48 UTC] PHP   1. {main}() /home/ubuntu/workspace/mkhalifa12/labs/lab2/index.php:0
[07-Sep-2017 19:46:48 UTC] PHP   2. play() /home/ubuntu/workspace/mkhalifa12/labs/lab2/index.php:15
[07-Sep-2017 19:46:48 UTC] PHP   3. displaySymbol() /home/ubuntu/workspace/mkhalifa12/labs/lab2/functions.php:51
[07-Sep-2017 19:46:48 UTC] PHP Warning:  Missing argument 2 for displaySymbol(), called in /home/ubuntu/workspace/mkhalifa12/labs/lab2/functions.php on line 51 and defined in /home/ubuntu/workspace/mkhalifa12/labs/lab2/functions.php on line 33
[07-Sep-2017 19:46:48 UTC] PHP Stack trace:
[07-Sep-2017 19:46:48 UTC] PHP   1. {main}() /home/ubuntu/workspace/mkhalifa12/labs/lab2/index.php:0
[07-Sep-2017 19:46:48 UTC] PHP   2. play() /home/ubuntu/workspace/mkhalifa12/labs/lab2/index.php:15
[07-Sep-2017 19:46:48 UTC] PHP   3. displaySymbol() /home/ubuntu/workspace/mkhalifa12/labs/lab2/functions.php:51
[07-Sep-2017 19:46:48 UTC] PHP Warning:  Missing argument 2 for displaySymbol(), called in /home/ubuntu/workspace/mkhalifa12/labs/lab2/functions.php on line 51 and defined in /home/ubuntu/workspace/mkhalifa12/labs/lab2/functions.php on line 33
[07-Sep-2017 19:46:48 UTC] PHP Stack trace:
[07-Sep-2017 19:46:48 UTC] PHP   1. {main}() /home/ubuntu/workspace/mkhalifa12/labs/lab2/index.php:0
[07-Sep-2017 19:46:48 UTC] PHP   2. play() /home/ubuntu/workspace/mkhalifa12/labs/lab2/index.php:15
[07-Sep-2017 19:46:48 UTC] PHP   3. displaySymbol() /home/ubuntu/workspace/mkhalifa12/labs/lab2/functions.php:51
[07-Sep-2017 19:46:48 UTC] PHP Warning:  Missing argument 2 for displaySymbol(), called in /home/ubuntu/workspace/mkhalifa12/labs/lab2/functions.php on line 51 and defined in /home/ubuntu/workspace/mkhalifa12/labs/lab2/functions.php on line 33
[07-Sep-2017 19:46:48 UTC] PHP Stack trace:
[07-Sep-2017 19:46:48 UTC] PHP   1. {main}() /home/ubuntu/workspace/mkhalifa12/labs/lab2/index.php:0
[07-Sep-2017 19:46:48 UTC] PHP   2. play() /home/ubuntu/workspace/mkhalifa12/labs/lab2/index.php:15
[07-Sep-2017 19:46:48 UTC] PHP   3. displaySymbol() /home/ubuntu/workspace/mkhalifa12/labs/lab2/functions.php:51
[07-Sep-2017 19:46:48 UTC] PHP Warning:  Missing argument 2 for displaySymbol(), called in /home/ubuntu/workspace/mkhalifa12/labs/lab2/functions.php on line 51 and defined in /home/ubuntu/workspace/mkhalifa12/labs/lab2/functions.php on line 33
[07-Sep-2017 19:46:48 UTC] PHP Stack trace:
[07-Sep-2017 19:46:48 UTC] PHP   1. {main}() /home/ubuntu/workspace/mkhalifa12/labs/lab2/index.php:0
[07-Sep-2017 19:46:48 UTC] PHP   2. play() /home/ubuntu/workspace/mkhalifa12/labs/lab2/index.php:15
[07-Sep-2017 19:46:48 UTC] PHP   3. displaySymbol() /home/ubuntu/workspace/mkhalifa12/labs/lab2/functions.php:51
[07-Sep-2017 19:46:49 UTC] PHP Warning:  Missing argument 2 for displaySymbol(), called in /home/ubuntu/workspace/mkhalifa12/labs/lab2/functions.php on line 51 and defined in /home/ubuntu/workspace/mkhalifa12/labs/lab2/functions.php on line 33
[07-Sep-2017 19:46:49 UTC] PHP Stack trace:
[07-Sep-2017 19:46:49 UTC] PHP   1. {main}() /home/ubuntu/workspace/mkhalifa12/labs/lab2/index.php:0
[07-Sep-2017 19:46:49 UTC] PHP   2. play() /home/ubuntu/workspace/mkhalifa12/labs/lab2/index.php:15
[07-Sep-2017 19:46:49 UTC] PHP   3. displaySymbol() /home/ubuntu/workspace/mkhalifa12/labs/lab2/functions.php:51
[07-Sep-2017 19:46:49 UTC] PHP Warning:  Missing argument 2 for displaySymbol(), called in /home/ubuntu/workspace/mkhalifa12/labs/lab2/functions.php on line 51 and defined in /home/ubuntu/workspace/mkhalifa12/labs/lab2/functions.php on line 33
[07-Sep-2017 19:46:49 UTC] PHP Stack trace:
[07-Sep-2017 19:46:49 UTC] PHP   1. {main}() /home/ubuntu/workspace/mkhalifa12/labs/lab2/index.php:0
[07-Sep-2017 19:46:49 UTC] PHP   2. play() /home/ubuntu/workspace/mkhalifa12/labs/lab2/index.php:15
[07-Sep-2017 19:46:49 UTC] PHP   3. displaySymbol() /home/ubuntu/workspace/mkhalifa12/labs/lab2/functions.php:51
[07-Sep-2017 19:46:49 UTC] PHP Warning:  Missing argument 2 for displaySymbol(), called in /home/ubuntu/workspace/mkhalifa12/labs/lab2/functions.php on line 51 and defined in /home/ubuntu/workspace/mkhalifa12/labs/lab2/functions.php on line 33
[07-Sep-2017 19:46:49 UTC] PHP Stack trace:
[07-Sep-2017 19:46:49 UTC] PHP   1. {main}() /home/ubuntu/workspace/mkhalifa12/labs/lab2/index.php:0
[07-Sep-2017 19:46:49 UTC] PHP   2. play() /home/ubuntu/workspace/mkhalifa12/labs/lab2/index.php:15
[07-Sep-2017 19:46:49 UTC] PHP   3. displaySymbol() /home/ubuntu/workspace/mkhalifa12/labs/lab2/functions.php:51
[07-Sep-2017 19:46:50 UTC] PHP Warning:  Missing argument 2 for displaySymbol(), called in /home/ubuntu/workspace/mkhalifa12/labs/lab2/functions.php on line 51 and defined in /home/ubuntu/workspace/mkhalifa12/labs/lab2/functions.php on line 33
[07-Sep-2017 19:46:50 UTC] PHP Stack trace:
[07-Sep-2017 19:46:50 UTC] PHP   1. {main}() /home/ubuntu/workspace/mkhalifa12/labs/lab2/index.php:0
[07-Sep-2017 19:46:50 UTC] PHP   2. play() /home/ubuntu/workspace/mkhalifa12/labs/lab2/index.php:15
[07-Sep-2017 19:46:50 UTC] PHP   3. displaySymbol() /home/ubuntu/workspace/mkhalifa12/labs/lab2/functions.php:51
[07-Sep-2017 19:46:50 UTC] PHP Warning:  Missing argument 2 for displaySymbol(), called in /home/ubuntu/workspace/mkhalifa12/labs/lab2/functions.php on line 51 and defined in /home/ubuntu/workspace/mkhalifa12/labs/lab2/functions.php on line 33
[07-Sep-2017 19:46:50 UTC] PHP Stack trace:
[07-Sep-2017 19:46:50 UTC] PHP   1. {main}() /home/ubuntu/workspace/mkhalifa12/labs/lab2/index.php:0
[07-Sep-2017 19:46:50 UTC] PHP   2. play() /home/ubuntu/workspace/mkhalifa12/labs/lab2/index.php:15
[07-Sep-2017 19:46:50 UTC] PHP   3. displaySymbol() /home/ubuntu/workspace/mkhalifa12/labs/lab2/functions.php:51
[07-Sep-2017 19:46:50 UTC] PHP Warning:  Missing argument 2 for displaySymbol(), called in /home/ubuntu/workspace/mkhalifa12/labs/lab2/functions.php on line 51 and defined in /home/ubuntu/workspace/mkhalifa12/labs/lab2/functions.php on line 33
[07-Sep-2017 19:46:50 UTC] PHP Stack trace:
[07-Sep-2017 19:46:50 UTC] PHP   1. {main}() /home/ubuntu/workspace/mkhalifa12/labs/lab2/index.php:0
[07-Sep-2017 19:46:50 UTC] PHP   2. play() /home/ubuntu/workspace/mkhalifa12/labs/lab2/index.php:15
[07-Sep-2017 19:46:50 UTC] PHP   3. displaySymbol() /home/ubuntu/workspace/mkhalifa12/labs/lab2/functions.php:51
[07-Sep-2017 19:46:57 UTC] PHP Warning:  Missing argument 2 for displaySymbol(), called in /home/ubuntu/workspace/mkhalifa12/labs/lab2/functions.php on line 51 and defined in /home/ubuntu/workspace/mkhalifa12/labs/lab2/functions.php on line 33
[07-Sep-2017 19:46:57 UTC] PHP Stack trace:
[07-Sep-2017 19:46:57 UTC] PHP   1. {main}() /home/ubuntu/workspace/mkhalifa12/labs/lab2/index.php:0
[07-Sep-2017 19:46:57 UTC] PHP   2. play() /home/ubuntu/workspace/mkhalifa12/labs/lab2/index.php:15
[07-Sep-2017 19:46:57 UTC] PHP   3. displaySymbol() /home/ubuntu/workspace/mkhalifa12/labs/lab2/functions.php:51
[07-Sep-2017 19:46:57 UTC] PHP Warning:  Missing argument 2 for displaySymbol(), called in /home/ubuntu/workspace/mkhalifa12/labs/lab2/functions.php on line 51 and defined in /home/ubuntu/workspace/mkhalifa12/labs/lab2/functions.php on line 33
[07-Sep-2017 19:46:57 UTC] PHP Stack trace:
[07-Sep-2017 19:46:57 UTC] PHP   1. {main}() /home/ubuntu/workspace/mkhalifa12/labs/lab2/index.php:0
[07-Sep-2017 19:46:57 UTC] PHP   2. play() /home/ubuntu/workspace/mkhalifa12/labs/lab2/index.php:15
[07-Sep-2017 19:46:57 UTC] PHP   3. displaySymbol() /home/ubuntu/workspace/mkhalifa12/labs/lab2/functions.php:51
[07-Sep-2017 19:46:57 UTC] PHP Warning:  Missing argument 2 for displaySymbol(), called in /home/ubuntu/workspace/mkhalifa12/labs/lab2/functions.php on line 51 and defined in /home/ubuntu/workspace/mkhalifa12/labs/lab2/functions.php on line 33
[07-Sep-2017 19:46:57 UTC] PHP Stack trace:
[07-Sep-2017 19:46:57 UTC] PHP   1. {main}() /home/ubuntu/workspace/mkhalifa12/labs/lab2/index.php:0
[07-Sep-2017 19:46:57 UTC] PHP   2. play() /home/ubuntu/workspace/mkhalifa12/labs/lab2/index.php:15
[07-Sep-2017 19:46:57 UTC] PHP   3. displaySymbol() /home/ubuntu/workspace/mkhalifa12/labs/lab2/functions.php:51
[07-Sep-2017 19:47:27 UTC] PHP Warning:  Missing argument 2 for displaySymbol(), called in /home/ubuntu/workspace/mkhalifa12/labs/lab2/functions.php on line 51 and defined in /home/ubuntu/workspace/mkhalifa12/labs/lab2/functions.php on line 33
[07-Sep-2017 19:47:27 UTC] PHP Stack trace:
[07-Sep-2017 19:47:27 UTC] PHP   1. {main}() /home/ubuntu/workspace/mkhalifa12/labs/lab2/index.php:0
[07-Sep-2017 19:47:27 UTC] PHP   2. play() /home/ubuntu/workspace/mkhalifa12/labs/lab2/index.php:15
[07-Sep-2017 19:47:27 UTC] PHP   3. displaySymbol() /home/ubuntu/workspace/mkhalifa12/labs/lab2/functions.php:51
[07-Sep-2017 19:47:27 UTC] PHP Warning:  Missing argument 2 for displaySymbol(), called in /home/ubuntu/workspace/mkhalifa12/labs/lab2/functions.php on line 51 and defined in /home/ubuntu/workspace/mkhalifa12/labs/lab2/functions.php on line 33
[07-Sep-2017 19:47:27 UTC] PHP Stack trace:
[07-Sep-2017 19:47:27 UTC] PHP   1. {main}() /home/ubuntu/workspace/mkhalifa12/labs/lab2/index.php:0
[07-Sep-2017 19:47:27 UTC] PHP   2. play() /home/ubuntu/workspace/mkhalifa12/labs/lab2/index.php:15
[07-Sep-2017 19:47:27 UTC] PHP   3. displaySymbol() /home/ubuntu/workspace/mkhalifa12/labs/lab2/functions.php:51
[07-Sep-2017 19:47:27 UTC] PHP Warning:  Missing argument 2 for displaySymbol(), called in /home/ubuntu/workspace/mkhalifa12/labs/lab2/functions.php on line 51 and defined in /home/ubuntu/workspace/mkhalifa12/labs/lab2/functions.php on line 33
[07-Sep-2017 19:47:27 UTC] PHP Stack trace:
[07-Sep-2017 19:47:27 UTC] PHP   1. {main}() /home/ubuntu/workspace/mkhalifa12/labs/lab2/index.php:0
[07-Sep-2017 19:47:27 UTC] PHP   2. play() /home/ubuntu/workspace/mkhalifa12/labs/lab2/index.php:15
[07-Sep-2017 19:47:27 UTC] PHP   3. displaySymbol() /home/ubuntu/workspace/mkhalifa12/labs/lab2/functions.php:51
[07-Sep-2017 19:47:44 UTC] PHP Warning:  Missing argument 2 for displaySymbol(), called in /home/ubuntu/workspace/mkhalifa12/labs/lab2/functions.php on line 51 and defined in /home/ubuntu/workspace/mkhalifa12/labs/lab2/functions.php on line 33
[07-Sep-2017 19:47:44 UTC] PHP Stack trace:
[07-Sep-2017 19:47:44 UTC] PHP   1. {main}() /home/ubuntu/workspace/mkhalifa12/labs/lab2/index.php:0
[07-Sep-2017 19:47:44 UTC] PHP   2. play() /home/ubuntu/workspace/mkhalifa12/labs/lab2/index.php:15
[07-Sep-2017 19:47:44 UTC] PHP   3. displaySymbol() /home/ubuntu/workspace/mkhalifa12/labs/lab2/functions.php:51
[07-Sep-2017 19:47:44 UTC] PHP Warning:  Missing argument 2 for displaySymbol(), called in /home/ubuntu/workspace/mkhalifa12/labs/lab2/functions.php on line 51 and defined in /home/ubuntu/workspace/mkhalifa12/labs/lab2/functions.php on line 33
[07-Sep-2017 19:47:44 UTC] PHP Stack trace:
[07-Sep-2017 19:47:44 UTC] PHP   1. {main}() /home/ubuntu/workspace/mkhalifa12/labs/lab2/index.php:0
[07-Sep-2017 19:47:44 UTC] PHP   2. play() /home/ubuntu/workspace/mkhalifa12/labs/lab2/index.php:15
[07-Sep-2017 19:47:44 UTC] PHP   3. displaySymbol() /home/ubuntu/workspace/mkhalifa12/labs/lab2/functions.php:51
[07-Sep-2017 19:47:44 UTC] PHP Warning:  Missing argument 2 for displaySymbol(), called in /home/ubuntu/workspace/mkhalifa12/labs/lab2/functions.php on line 51 and defined in /home/ubuntu/workspace/mkhalifa12/labs/lab2/functions.php on line 33
[07-Sep-2017 19:47:44 UTC] PHP Stack trace:
[07-Sep-2017 19:47:44 UTC] PHP   1. {main}() /home/ubuntu/workspace/mkhalifa12/labs/lab2/index.php:0
[07-Sep-2017 19:47:44 UTC] PHP   2. play() /home/ubuntu/workspace/mkhalifa12/labs/lab2/index.php:15
[07-Sep-2017 19:47:44 UTC] PHP   3. displaySymbol() /home/ubuntu/workspace/mkhalifa12/labs/lab2/functions.php:51
[07-Sep-2017 19:52:37 UTC] PHP Fatal error:  Call to undefined function play() in /home/ubuntu/workspace/mkhalifa12/labs/lab2/index.php on line 16
[07-Sep-2017 19:52:37 UTC] PHP Stack trace:
[07-Sep-2017 19:52:37 UTC] PHP   1. {main}() /home/ubuntu/workspace/mkhalifa12/labs/lab2/index.php:0
[07-Sep-2017 19:53:17 UTC] PHP Fatal error:  Call to undefined function play() in /home/ubuntu/workspace/mkhalifa12/labs/lab2/index.php on line 16
[07-Sep-2017 19:53:17 UTC] PHP Stack trace:
[07-Sep-2017 19:53:17 UTC] PHP   1. {main}() /home/ubuntu/workspace/mkhalifa12/labs/lab2/index.php:0
